  [1m[35m (72.5ms)[0m  [1m[35mCREATE TABLE "schema_migrations" ("version" varchar NOT NULL PRIMARY KEY)[0m
  [1m[35m (61.5ms)[0m  [1m[35mCREATE TABLE "ar_internal_metadata" ("key" varchar NOT NULL PRIMARY KEY, "value" varchar, "created_at" datetime(6) NOT NULL, "updated_at" datetime(6) NOT NULL)[0m
  [1m[36mActiveRecord::SchemaMigration Pluck (0.2ms)[0m  [1m[34mSELECT "schema_migrations"."version" FROM "schema_migrations" ORDER BY "schema_migrations"."version" ASC[0m
Migrating to CreateProducts (20230101083803)
  [1m[36mTRANSACTION (0.1ms)[0m  [1m[36mbegin transaction[0m
  [1m[35m (0.4ms)[0m  [1m[35mCREATE TABLE "products" ("id" integer PRIMARY KEY AUTOINCREMENT NOT NULL, "title" varchar, "description" text, "image_url" varchar, "price" decimal(8,2), "created_at" datetime(6) NOT NULL, "updated_at" datetime(6) NOT NULL)[0m
  [1m[36mActiveRecord::SchemaMigration Create (0.2ms)[0m  [1m[32mINSERT INTO "schema_migrations" ("version") VALUES (?)[0m  [["version", "20230101083803"]]
  [1m[36mTRANSACTION (76.4ms)[0m  [1m[36mcommit transaction[0m
  [1m[36mActiveRecord::InternalMetadata Load (0.3ms)[0m  [1m[34mSELECT "ar_internal_metadata".* FROM "ar_internal_metadata" WHERE "ar_internal_metadata"."key" = ? LIMIT ?[0m  [["key", "environment"], ["LIMIT", 1]]
  [1m[36mTRANSACTION (0.1ms)[0m  [1m[36mbegin transaction[0m
  [1m[36mActiveRecord::InternalMetadata Create (0.4ms)[0m  [1m[32mINSERT INTO "ar_internal_metadata" ("key", "value", "created_at", "updated_at") VALUES (?, ?, ?, ?)[0m  [["key", "environment"], ["value", "development"], ["created_at", "2023-01-01 08:39:36.085293"], ["updated_at", "2023-01-01 08:39:36.085293"]]
  [1m[36mTRANSACTION (59.0ms)[0m  [1m[36mcommit transaction[0m
  [1m[36mActiveRecord::SchemaMigration Pluck (0.3ms)[0m  [1m[34mSELECT "schema_migrations"."version" FROM "schema_migrations" ORDER BY "schema_migrations"."version" ASC[0m
Started GET "/" for 127.0.0.1 at 2023-01-01 16:42:28 +0800
  [1m[36mActiveRecord::SchemaMigration Pluck (0.1ms)[0m  [1m[34mSELECT "schema_migrations"."version" FROM "schema_migrations" ORDER BY "schema_migrations"."version" ASC[0m
Processing by Rails::WelcomeController#index as HTML
  Rendering /home/zhengmingyu/.rvm/gems/ruby-3.0.0/gems/railties-7.0.4/lib/rails/templates/rails/welcome/index.html.erb
  Rendered /home/zhengmingyu/.rvm/gems/ruby-3.0.0/gems/railties-7.0.4/lib/rails/templates/rails/welcome/index.html.erb (Duration: 2.3ms | Allocations: 831)
Completed 200 OK in 17ms (Views: 7.7ms | ActiveRecord: 0.0ms | Allocations: 7237)


Started GET "/products" for 127.0.0.1 at 2023-01-01 16:42:40 +0800
Processing by ProductsController#index as HTML
  Rendering layout layouts/application.html.erb
  Rendering products/index.html.erb within layouts/application
  [1m[36mProduct Load (0.4ms)[0m  [1m[34mSELECT "products".* FROM "products"[0m
  â†³ app/views/products/index.html.erb:6
  Rendered products/index.html.erb within layouts/application (Duration: 10.0ms | Allocations: 1243)
  Rendered layout layouts/application.html.erb (Duration: 375.7ms | Allocations: 98477)
Completed 200 OK in 384ms (Views: 377.8ms | ActiveRecord: 0.4ms | Allocations: 100238)


Started GET "/products/new" for 127.0.0.1 at 2023-01-01 16:42:50 +0800
Processing by ProductsController#new as HTML
  Rendering layout layouts/application.html.erb
  Rendering products/new.html.erb within layouts/application
  Rendered products/_form.html.erb (Duration: 61.3ms | Allocations: 6344)
  Rendered products/new.html.erb within layouts/application (Duration: 64.8ms | Allocations: 6676)
  Rendered layout layouts/application.html.erb (Duration: 76.6ms | Allocations: 8863)
Completed 200 OK in 130ms (Views: 77.3ms | ActiveRecord: 1.0ms | Allocations: 26064)


Started GET "/products/new" for 127.0.0.1 at 2023-01-01 16:46:08 +0800
Processing by ProductsController#new as HTML
  Rendering layout layouts/application.html.erb
  Rendering products/new.html.erb within layouts/application
  Rendered products/_form.html.erb (Duration: 3.7ms | Allocations: 2048)
  Rendered products/new.html.erb within layouts/application (Duration: 5.0ms | Allocations: 2366)
  Rendered layout layouts/application.html.erb (Duration: 12.6ms | Allocations: 4853)
Completed 200 OK in 17ms (Views: 15.2ms | ActiveRecord: 0.0ms | Allocations: 5853)


Started POST "/products" for 127.0.0.1 at 2023-01-01 16:47:05 +0800
Processing by ProductsController#create as TURBO_STREAM
  Parameters: {"authenticity_token"=>"[FILTERED]", "product"=>{"title"=>"web newer", "description"=>"whar asdasd  asda  asd a sd adadsad asd asd asdasda ads asd asd asda asdas  adada as asd asd asd asd asd asd asdasdasd asd asd asd asd asd asd asd asd asd ", "image_url"=>"/images/1.jpg", "price"=>"42.95"}, "commit"=>"Create Product"}
  [1m[36mTRANSACTION (0.1ms)[0m  [1m[36mbegin transaction[0m
  â†³ app/controllers/products_controller.rb:27:in `block in create'
  [1m[36mProduct Create (0.4ms)[0m  [1m[32mINSERT INTO "products" ("title", "description", "image_url", "price", "created_at", "updated_at") VALUES (?, ?, ?, ?, ?, ?)[0m  [["title", "web newer"], ["description", "whar asdasd  asda  asd a sd adadsad asd asd asdasda ads asd asd asda asdas  adada as asd asd asd asd asd asd asdasdasd asd asd asd asd asd asd asd asd asd "], ["image_url", "/images/1.jpg"], ["price", 42.95], ["created_at", "2023-01-01 08:47:05.254402"], ["updated_at", "2023-01-01 08:47:05.254402"]]
  â†³ app/controllers/products_controller.rb:27:in `block in create'
  [1m[36mTRANSACTION (98.6ms)[0m  [1m[36mcommit transaction[0m
  â†³ app/controllers/products_controller.rb:27:in `block in create'
Redirected to http://127.0.0.1:3000/products/1
Completed 302 Found in 109ms (ActiveRecord: 99.0ms | Allocations: 3494)


Started GET "/products/1" for 127.0.0.1 at 2023-01-01 16:47:05 +0800
Processing by ProductsController#show as TURBO_STREAM
  Parameters: {"id"=>"1"}
  [1m[36mProduct Load (0.4ms)[0m  [1m[34mSELECT "products".* FROM "products" WHERE "products"."id" = ? LIMIT ?[0m  [["id", 1], ["LIMIT", 1]]
  â†³ app/controllers/products_controller.rb:63:in `set_product'
  Rendering layout layouts/application.html.erb
  Rendering products/show.html.erb within layouts/application
  Rendered products/_product.html.erb (Duration: 1.0ms | Allocations: 304)
  Rendered products/show.html.erb within layouts/application (Duration: 20.1ms | Allocations: 1597)
  Rendered layout layouts/application.html.erb (Duration: 23.7ms | Allocations: 3774)
Completed 200 OK in 32ms (Views: 24.4ms | ActiveRecord: 0.4ms | Allocations: 6562)


Started GET "/products" for 127.0.0.1 at 2023-01-01 16:47:16 +0800
Processing by ProductsController#index as HTML
  Rendering layout layouts/application.html.erb
  Rendering products/index.html.erb within layouts/application
  [1m[36mProduct Load (0.4ms)[0m  [1m[34mSELECT "products".* FROM "products"[0m
  â†³ app/views/products/index.html.erb:6
  Rendered products/_product.html.erb (Duration: 0.3ms | Allocations: 37)
  Rendered products/index.html.erb within layouts/application (Duration: 7.4ms | Allocations: 1166)
  Rendered layout layouts/application.html.erb (Duration: 13.4ms | Allocations: 3364)
Completed 200 OK in 18ms (Views: 14.9ms | ActiveRecord: 0.4ms | Allocations: 3774)


Started GET "/products" for 127.0.0.1 at 2023-01-01 17:10:37 +0800
  [1m[36mActiveRecord::SchemaMigration Pluck (0.2ms)[0m  [1m[34mSELECT "schema_migrations"."version" FROM "schema_migrations" ORDER BY "schema_migrations"."version" ASC[0m
Processing by ProductsController#index as HTML
  Rendering layout layouts/application.html.erb
  Rendering products/index.html.erb within layouts/application
  [1m[36mProduct Load (0.3ms)[0m  [1m[34mSELECT "products".* FROM "products"[0m
  â†³ app/views/products/index.html.erb:6
  Rendered products/_product.html.erb (Duration: 5.6ms | Allocations: 2574)
  Rendered products/index.html.erb within layouts/application (Duration: 30.6ms | Allocations: 21297)
  Rendered layout layouts/application.html.erb (Duration: 30.9ms | Allocations: 21381)
Completed 500 Internal Server Error in 46ms (ActiveRecord: 0.8ms | Allocations: 27363)


  
ActionView::SyntaxErrorInTemplate (Encountered a syntax error while rendering template: check <div id="<%= dom_id product %>">
  <p>
    <strong>Title:</strong>
    <%= product.title %>
  </p>

  <p>
    <strong>Description:</strong>
    <%= truncate(strip_tags(product.description)), :length => 80 %>
  </p>

  <p>
    <strong>Image url:</strong>
    <%= product.image_url %>
  </p>

  <p>
    <strong>Price:</strong>
    <%= product.price %>
  </p>

</div>

):
1:    <div id="<%= dom_id product %>">
2:      <p>
3:        <strong>Title:</strong>
4:        <%= product.title %>
5:      </p>
6:    
7:      <p>
8:        <strong>Description:</strong>
9:        <%= truncate(strip_tags(product.description)), :length => 80 %>
10:      </p>
11:    
12:      <p>
13:        <strong>Image url:</strong>
14:        <%= product.image_url %>
15:      </p>
16:    
17:      <p>
18:        <strong>Price:</strong>
19:        <%= product.price %>
20:      </p>
21:    
22:    </div>
  
app/views/products/_product.html.erb:9: syntax error, unexpected ',', expecting ')'
app/views/products/_product.html.erb:9: void value expression
app/views/products/_product.html.erb:9: syntax error, unexpected ',', expecting ')'
app/views/products/_product.html.erb:9: void value expression
app/views/products/_product.html.erb:9: syntax error, unexpected ',', expecting ')'
app/views/products/_product.html.erb:9: void value expression
app/views/products/_product.html.erb:9: syntax error, unexpected ',', expecting ')'
app/views/products/_product.html.erb:9: void value expression
app/views/products/_product.html.erb:9: syntax error, unexpected ',', expecting ')'
app/views/products/_product.html.erb:9: void value expression
app/views/products/_product.html.erb:9: syntax error, unexpected ',', expecting ')'
app/views/products/_product.html.erb:9: void value expression
app/views/products/index.html.erb:7
app/views/products/index.html.erb:6
Started GET "/products" for 127.0.0.1 at 2023-01-01 17:11:41 +0800
Processing by ProductsController#index as HTML
  Rendering layout layouts/application.html.erb
  Rendering products/index.html.erb within layouts/application
  [1m[36mProduct Load (0.2ms)[0m  [1m[34mSELECT "products".* FROM "products"[0m
  â†³ app/views/products/index.html.erb:6
  Rendered products/_product.html.erb (Duration: 1.7ms | Allocations: 1339)
  Rendered products/index.html.erb within layouts/application (Duration: 6.0ms | Allocations: 2481)
  Rendered layout layouts/application.html.erb (Duration: 6.3ms | Allocations: 2555)
Completed 500 Internal Server Error in 10ms (ActiveRecord: 0.2ms | Allocations: 3553)


  
ActionView::SyntaxErrorInTemplate (Encountered a syntax error while rendering template: check <div id="<%= dom_id product %>">
  <p>
    <strong>Title:</strong>
    <%= product.title %>
  </p>

  <p>
    <strong>Description:</strong>
    <%= product.description, :length => 80 %>
  </p>

  <p>
    <strong>Image url:</strong>
    <%= product.image_url %>
  </p>

  <p>
    <strong>Price:</strong>
    <%= product.price %>
  </p>

</div>

):
1:    <div id="<%= dom_id product %>">
2:      <p>
3:        <strong>Title:</strong>
4:        <%= product.title %>
5:      </p>
6:    
7:      <p>
8:        <strong>Description:</strong>
9:        <%= product.description, :length => 80 %>
10:      </p>
11:    
12:      <p>
13:        <strong>Image url:</strong>
14:        <%= product.image_url %>
15:      </p>
16:    
17:      <p>
18:        <strong>Price:</strong>
19:        <%= product.price %>
20:      </p>
21:    
22:    </div>
  
app/views/products/_product.html.erb:9: syntax error, unexpected =>, expecting '.' or &. or :: or '['
app/views/products/_product.html.erb:9: syntax error, unexpected =>, expecting '.' or &. or :: or '['
app/views/products/_product.html.erb:9: syntax error, unexpected =>, expecting '.' or &. or :: or '['
app/views/products/_product.html.erb:9: syntax error, unexpected =>, expecting '.' or &. or :: or '['
app/views/products/_product.html.erb:9: syntax error, unexpected =>, expecting '.' or &. or :: or '['
app/views/products/_product.html.erb:9: syntax error, unexpected =>, expecting '.' or &. or :: or '['
app/views/products/index.html.erb:7
app/views/products/index.html.erb:6
Started GET "/products" for 127.0.0.1 at 2023-01-01 17:12:01 +0800
Processing by ProductsController#index as HTML
  Rendering layout layouts/application.html.erb
  Rendering products/index.html.erb within layouts/application
  [1m[36mProduct Load (0.3ms)[0m  [1m[34mSELECT "products".* FROM "products"[0m
  â†³ app/views/products/index.html.erb:6
  Rendered products/_product.html.erb (Duration: 1.1ms | Allocations: 338)
  Rendered products/index.html.erb within layouts/application (Duration: 7.6ms | Allocations: 1641)
  Rendered layout layouts/application.html.erb (Duration: 80.5ms | Allocations: 35798)
Completed 200 OK in 85ms (Views: 82.7ms | ActiveRecord: 0.3ms | Allocations: 36855)


Started GET "/products/1" for 127.0.0.1 at 2023-01-01 17:12:04 +0800
Processing by ProductsController#show as HTML
  Parameters: {"id"=>"1"}
  [1m[36mProduct Load (0.4ms)[0m  [1m[34mSELECT "products".* FROM "products" WHERE "products"."id" = ? LIMIT ?[0m  [["id", 1], ["LIMIT", 1]]
  â†³ app/controllers/products_controller.rb:63:in `set_product'
  Rendering layout layouts/application.html.erb
  Rendering products/show.html.erb within layouts/application
  Rendered products/_product.html.erb (Duration: 0.2ms | Allocations: 37)
  Rendered products/show.html.erb within layouts/application (Duration: 4.2ms | Allocations: 907)
  Rendered layout layouts/application.html.erb (Duration: 9.8ms | Allocations: 3088)
Completed 200 OK in 38ms (Views: 10.7ms | ActiveRecord: 0.4ms | Allocations: 8043)


Started DELETE "/products/1" for 127.0.0.1 at 2023-01-01 17:12:08 +0800
Processing by ProductsController#destroy as TURBO_STREAM
  Parameters: {"authenticity_token"=>"[FILTERED]", "id"=>"1"}
  [1m[36mProduct Load (0.4ms)[0m  [1m[34mSELECT "products".* FROM "products" WHERE "products"."id" = ? LIMIT ?[0m  [["id", 1], ["LIMIT", 1]]
  â†³ app/controllers/products_controller.rb:63:in `set_product'
  [1m[36mTRANSACTION (0.1ms)[0m  [1m[36mbegin transaction[0m
  â†³ app/controllers/products_controller.rb:52:in `destroy'
  [1m[36mProduct Destroy (0.5ms)[0m  [1m[31mDELETE FROM "products" WHERE "products"."id" = ?[0m  [["id", 1]]
  â†³ app/controllers/products_controller.rb:52:in `destroy'
  [1m[36mTRANSACTION (108.6ms)[0m  [1m[36mcommit transaction[0m
  â†³ app/controllers/products_controller.rb:52:in `destroy'
Redirected to http://127.0.0.1:3000/products
Completed 302 Found in 125ms (ActiveRecord: 109.6ms | Allocations: 2606)


Started GET "/products" for 127.0.0.1 at 2023-01-01 17:12:08 +0800
Processing by ProductsController#index as TURBO_STREAM
  Rendering layout layouts/application.html.erb
  Rendering products/index.html.erb within layouts/application
  [1m[36mProduct Load (0.2ms)[0m  [1m[34mSELECT "products".* FROM "products"[0m
  â†³ app/views/products/index.html.erb:6
  Rendered products/index.html.erb within layouts/application (Duration: 4.1ms | Allocations: 794)
  Rendered layout layouts/application.html.erb (Duration: 10.9ms | Allocations: 2995)
Completed 200 OK in 15ms (Views: 12.5ms | ActiveRecord: 0.2ms | Allocations: 3370)


Started GET "/products" for 127.0.0.1 at 2023-01-01 17:13:50 +0800
Processing by ProductsController#index as HTML
  Rendering layout layouts/application.html.erb
  Rendering products/index.html.erb within layouts/application
  [1m[36mProduct Load (0.2ms)[0m  [1m[34mSELECT "products".* FROM "products"[0m
  â†³ app/views/products/index.html.erb:6
  Rendered products/index.html.erb within layouts/application (Duration: 3.4ms | Allocations: 1022)
  Rendered layout layouts/application.html.erb (Duration: 11.1ms | Allocations: 3526)
Completed 200 OK in 16ms (Views: 14.2ms | ActiveRecord: 0.2ms | Allocations: 4545)


Started GET "/products/new" for 127.0.0.1 at 2023-01-01 17:13:52 +0800
Processing by ProductsController#new as HTML
  Rendering layout layouts/application.html.erb
  Rendering products/new.html.erb within layouts/application
  Rendered products/_form.html.erb (Duration: 22.1ms | Allocations: 7232)
  Rendered products/new.html.erb within layouts/application (Duration: 25.1ms | Allocations: 7539)
  Rendered layout layouts/application.html.erb (Duration: 31.0ms | Allocations: 9727)
Completed 200 OK in 35ms (Views: 32.9ms | ActiveRecord: 0.0ms | Allocations: 10134)


Started POST "/products" for 127.0.0.1 at 2023-01-01 17:14:02 +0800
Processing by ProductsController#create as TURBO_STREAM
  Parameters: {"authenticity_token"=>"[FILTERED]", "product"=>{"title"=>"a", "description"=>"dasdsa", "image_url"=>"asd", "price"=>"as"}, "commit"=>"Create Product"}
  [1m[36mTRANSACTION (0.1ms)[0m  [1m[36mbegin transaction[0m
  â†³ app/controllers/products_controller.rb:27:in `block in create'
  [1m[36mProduct Create (0.4ms)[0m  [1m[32mINSERT INTO "products" ("title", "description", "image_url", "price", "created_at", "updated_at") VALUES (?, ?, ?, ?, ?, ?)[0m  [["title", "a"], ["description", "dasdsa"], ["image_url", "asd"], ["price", 0.0], ["created_at", "2023-01-01 09:14:02.899029"], ["updated_at", "2023-01-01 09:14:02.899029"]]
  â†³ app/controllers/products_controller.rb:27:in `block in create'
  [1m[36mTRANSACTION (118.2ms)[0m  [1m[36mcommit transaction[0m
  â†³ app/controllers/products_controller.rb:27:in `block in create'
Redirected to http://127.0.0.1:3000/products/2
Completed 302 Found in 130ms (ActiveRecord: 118.7ms | Allocations: 3189)


Started GET "/products/2" for 127.0.0.1 at 2023-01-01 17:14:03 +0800
Processing by ProductsController#show as TURBO_STREAM
  Parameters: {"id"=>"2"}
  [1m[36mProduct Load (0.3ms)[0m  [1m[34mSELECT "products".* FROM "products" WHERE "products"."id" = ? LIMIT ?[0m  [["id", 2], ["LIMIT", 1]]
  â†³ app/controllers/products_controller.rb:63:in `set_product'
  Rendering layout layouts/application.html.erb
  Rendering products/show.html.erb within layouts/application
  Rendered products/_product.html.erb (Duration: 1.3ms | Allocations: 271)
  Rendered products/show.html.erb within layouts/application (Duration: 4.8ms | Allocations: 1261)
  Rendered layout layouts/application.html.erb (Duration: 11.1ms | Allocations: 3441)
Completed 200 OK in 18ms (Views: 12.1ms | ActiveRecord: 0.3ms | Allocations: 4324)


Started GET "/products" for 127.0.0.1 at 2023-01-01 17:14:08 +0800
Processing by ProductsController#index as HTML
  Rendering layout layouts/application.html.erb
  Rendering products/index.html.erb within layouts/application
  [1m[36mProduct Load (0.1ms)[0m  [1m[34mSELECT "products".* FROM "products"[0m
  â†³ app/views/products/index.html.erb:6
  Rendered products/_product.html.erb (Duration: 0.2ms | Allocations: 28)
  Rendered products/index.html.erb within layouts/application (Duration: 2.0ms | Allocations: 919)
  Rendered layout layouts/application.html.erb (Duration: 5.0ms | Allocations: 3120)
Completed 200 OK in 6ms (Views: 5.5ms | ActiveRecord: 0.1ms | Allocations: 3444)


Started GET "/products/2" for 127.0.0.1 at 2023-01-01 17:14:11 +0800
Processing by ProductsController#show as HTML
  Parameters: {"id"=>"2"}
  [1m[36mProduct Load (0.5ms)[0m  [1m[34mSELECT "products".* FROM "products" WHERE "products"."id" = ? LIMIT ?[0m  [["id", 2], ["LIMIT", 1]]
  â†³ app/controllers/products_controller.rb:63:in `set_product'
  Rendering layout layouts/application.html.erb
  Rendering products/show.html.erb within layouts/application
  Rendered products/_product.html.erb (Duration: 0.3ms | Allocations: 28)
  Rendered products/show.html.erb within layouts/application (Duration: 3.7ms | Allocations: 642)
  Rendered layout layouts/application.html.erb (Duration: 10.2ms | Allocations: 2823)
Completed 200 OK in 18ms (Views: 11.6ms | ActiveRecord: 0.5ms | Allocations: 3594)


Started DELETE "/products/2" for 127.0.0.1 at 2023-01-01 17:14:12 +0800
Processing by ProductsController#destroy as TURBO_STREAM
  Parameters: {"authenticity_token"=>"[FILTERED]", "id"=>"2"}
  [1m[36mProduct Load (0.2ms)[0m  [1m[34mSELECT "products".* FROM "products" WHERE "products"."id" = ? LIMIT ?[0m  [["id", 2], ["LIMIT", 1]]
  â†³ app/controllers/products_controller.rb:63:in `set_product'
  [1m[36mTRANSACTION (0.1ms)[0m  [1m[36mbegin transaction[0m
  â†³ app/controllers/products_controller.rb:52:in `destroy'
  [1m[36mProduct Destroy (0.4ms)[0m  [1m[31mDELETE FROM "products" WHERE "products"."id" = ?[0m  [["id", 2]]
  â†³ app/controllers/products_controller.rb:52:in `destroy'
  [1m[36mTRANSACTION (53.5ms)[0m  [1m[36mcommit transaction[0m
  â†³ app/controllers/products_controller.rb:52:in `destroy'
Redirected to http://127.0.0.1:3000/products
Completed 302 Found in 63ms (ActiveRecord: 54.1ms | Allocations: 2294)


Started GET "/products" for 127.0.0.1 at 2023-01-01 17:14:12 +0800
Processing by ProductsController#index as TURBO_STREAM
  Rendering layout layouts/application.html.erb
  Rendering products/index.html.erb within layouts/application
  [1m[36mProduct Load (0.1ms)[0m  [1m[34mSELECT "products".* FROM "products"[0m
  â†³ app/views/products/index.html.erb:6
  Rendered products/index.html.erb within layouts/application (Duration: 1.4ms | Allocations: 777)
  Rendered layout layouts/application.html.erb (Duration: 5.1ms | Allocations: 2994)
Completed 200 OK in 6ms (Views: 5.6ms | ActiveRecord: 0.1ms | Allocations: 3321)


Started GET "/products" for 127.0.0.1 at 2023-01-01 17:22:09 +0800
  [1m[36mActiveRecord::SchemaMigration Pluck (0.2ms)[0m  [1m[34mSELECT "schema_migrations"."version" FROM "schema_migrations" ORDER BY "schema_migrations"."version" ASC[0m
Processing by ProductsController#index as HTML
Completed 500 Internal Server Error in 7ms (ActiveRecord: 0.0ms | Allocations: 3850)


  
ArgumentError (The provided regular expression is using multiline anchors (^ or $), which may present a security risk. Did you mean to use \A and \z, or forgot to add the :multiline => true option?):
  
app/models/product.rb:5:in `<class:Product>'
app/models/product.rb:1:in `<main>'
app/controllers/products_controller.rb:6:in `index'
Started GET "/products" for 127.0.0.1 at 2023-01-01 17:23:16 +0800
Processing by ProductsController#index as HTML
  Rendering layout layouts/application.html.erb
  Rendering products/index.html.erb within layouts/application
  [1m[36mProduct Load (0.1ms)[0m  [1m[34mSELECT "products".* FROM "products"[0m
  â†³ app/views/products/index.html.erb:6
  Rendered products/index.html.erb within layouts/application (Duration: 3.6ms | Allocations: 1340)
  Rendered layout layouts/application.html.erb (Duration: 94.5ms | Allocations: 35761)
Completed 200 OK in 102ms (Views: 96.5ms | ActiveRecord: 0.5ms | Allocations: 37722)


Started GET "/products/new" for 127.0.0.1 at 2023-01-01 17:23:17 +0800
Processing by ProductsController#new as HTML
  Rendering layout layouts/application.html.erb
  Rendering products/new.html.erb within layouts/application
  Rendered products/_form.html.erb (Duration: 7.3ms | Allocations: 4290)
  Rendered products/new.html.erb within layouts/application (Duration: 8.6ms | Allocations: 4599)
  Rendered layout layouts/application.html.erb (Duration: 15.6ms | Allocations: 6788)
Completed 200 OK in 43ms (Views: 16.5ms | ActiveRecord: 1.0ms | Allocations: 24009)


Started POST "/products" for 127.0.0.1 at 2023-01-01 17:23:28 +0800
Processing by ProductsController#create as TURBO_STREAM
  Parameters: {"authenticity_token"=>"[FILTERED]", "product"=>{"title"=>"a", "description"=>"dsada", "image_url"=>"sadd", "price"=>"1dasd"}, "commit"=>"Create Product"}
  [1m[36mTRANSACTION (0.1ms)[0m  [1m[36mbegin transaction[0m
  â†³ app/controllers/products_controller.rb:27:in `block in create'
  [1m[36mProduct Exists? (0.2ms)[0m  [1m[34mSELECT 1 AS one FROM "products" WHERE "products"."title" = ? LIMIT ?[0m  [["title", "a"], ["LIMIT", 1]]
  â†³ app/controllers/products_controller.rb:27:in `block in create'
  [1m[36mTRANSACTION (0.1ms)[0m  [1m[31mrollback transaction[0m
  â†³ app/controllers/products_controller.rb:27:in `block in create'
  Rendering layout layouts/application.html.erb
  Rendering products/new.html.erb within layouts/application
  Rendered products/_form.html.erb (Duration: 5.5ms | Allocations: 2432)
  Rendered products/new.html.erb within layouts/application (Duration: 6.1ms | Allocations: 2526)
  Rendered layout layouts/application.html.erb (Duration: 9.2ms | Allocations: 4762)
Completed 422 Unprocessable Entity in 19ms (Views: 10.3ms | ActiveRecord: 0.3ms | Allocations: 10211)


Started POST "/products" for 127.0.0.1 at 2023-01-01 17:23:36 +0800
Processing by ProductsController#create as TURBO_STREAM
  Parameters: {"authenticity_token"=>"[FILTERED]", "product"=>{"title"=>"a", "description"=>"dsada", "image_url"=>"sadd", "price"=>"0.000001"}, "commit"=>"Create Product"}
  [1m[36mTRANSACTION (0.2ms)[0m  [1m[36mbegin transaction[0m
  â†³ app/controllers/products_controller.rb:27:in `block in create'
  [1m[36mProduct Exists? (0.3ms)[0m  [1m[34mSELECT 1 AS one FROM "products" WHERE "products"."title" = ? LIMIT ?[0m  [["title", "a"], ["LIMIT", 1]]
  â†³ app/controllers/products_controller.rb:27:in `block in create'
  [1m[36mTRANSACTION (0.1ms)[0m  [1m[31mrollback transaction[0m
  â†³ app/controllers/products_controller.rb:27:in `block in create'
  Rendering layout layouts/application.html.erb
  Rendering products/new.html.erb within layouts/application
  Rendered products/_form.html.erb (Duration: 8.0ms | Allocations: 2426)
  Rendered products/new.html.erb within layouts/application (Duration: 8.4ms | Allocations: 2520)
  Rendered layout layouts/application.html.erb (Duration: 12.5ms | Allocations: 4756)
Completed 422 Unprocessable Entity in 28ms (Views: 13.3ms | ActiveRecord: 0.6ms | Allocations: 7716)


Started POST "/products" for 127.0.0.1 at 2023-01-01 17:23:44 +0800
Processing by ProductsController#create as TURBO_STREAM
  Parameters: {"authenticity_token"=>"[FILTERED]", "product"=>{"title"=>"a", "description"=>"dsada", "image_url"=>"sadd", "price"=>"12"}, "commit"=>"Create Product"}
  [1m[36mTRANSACTION (0.2ms)[0m  [1m[36mbegin transaction[0m
  â†³ app/controllers/products_controller.rb:27:in `block in create'
  [1m[36mProduct Exists? (0.3ms)[0m  [1m[34mSELECT 1 AS one FROM "products" WHERE "products"."title" = ? LIMIT ?[0m  [["title", "a"], ["LIMIT", 1]]
  â†³ app/controllers/products_controller.rb:27:in `block in create'
  [1m[36mProduct Create (0.5ms)[0m  [1m[32mINSERT INTO "products" ("title", "description", "image_url", "price", "created_at", "updated_at") VALUES (?, ?, ?, ?, ?, ?)[0m  [["title", "a"], ["description", "dsada"], ["image_url", "sadd"], ["price", 12.0], ["created_at", "2023-01-01 09:23:44.561920"], ["updated_at", "2023-01-01 09:23:44.561920"]]
  â†³ app/controllers/products_controller.rb:27:in `block in create'
  [1m[36mTRANSACTION (123.0ms)[0m  [1m[36mcommit transaction[0m
  â†³ app/controllers/products_controller.rb:27:in `block in create'
Redirected to http://127.0.0.1:3000/products/3
Completed 302 Found in 140ms (ActiveRecord: 124.0ms | Allocations: 3941)


Started GET "/products/3" for 127.0.0.1 at 2023-01-01 17:23:44 +0800
Processing by ProductsController#show as TURBO_STREAM
  Parameters: {"id"=>"3"}
  [1m[36mProduct Load (0.5ms)[0m  [1m[34mSELECT "products".* FROM "products" WHERE "products"."id" = ? LIMIT ?[0m  [["id", 3], ["LIMIT", 1]]
  â†³ app/controllers/products_controller.rb:63:in `set_product'
  Rendering layout layouts/application.html.erb
  Rendering products/show.html.erb within layouts/application
  Rendered products/_product.html.erb (Duration: 1.0ms | Allocations: 290)
  Rendered products/show.html.erb within layouts/application (Duration: 6.1ms | Allocations: 1508)
  Rendered layout layouts/application.html.erb (Duration: 10.4ms | Allocations: 3688)
Completed 200 OK in 20ms (Views: 11.6ms | ActiveRecord: 0.5ms | Allocations: 5264)


Started GET "/products" for 127.0.0.1 at 2023-01-01 17:23:48 +0800
Processing by ProductsController#index as HTML
  Rendering layout layouts/application.html.erb
  Rendering products/index.html.erb within layouts/application
  [1m[36mProduct Load (0.3ms)[0m  [1m[34mSELECT "products".* FROM "products"[0m
  â†³ app/views/products/index.html.erb:6
  Rendered products/_product.html.erb (Duration: 0.4ms | Allocations: 28)
  Rendered products/index.html.erb within layouts/application (Duration: 6.2ms | Allocations: 904)
  Rendered layout layouts/application.html.erb (Duration: 13.1ms | Allocations: 3105)
Completed 200 OK in 16ms (Views: 14.1ms | ActiveRecord: 0.3ms | Allocations: 3429)


Started GET "/products/new" for 127.0.0.1 at 2023-01-01 17:23:50 +0800
Processing by ProductsController#new as HTML
  Rendering layout layouts/application.html.erb
  Rendering products/new.html.erb within layouts/application
  Rendered products/_form.html.erb (Duration: 7.7ms | Allocations: 1548)
  Rendered products/new.html.erb within layouts/application (Duration: 8.4ms | Allocations: 1633)
  Rendered layout layouts/application.html.erb (Duration: 14.1ms | Allocations: 3821)
Completed 200 OK in 17ms (Views: 15.6ms | ActiveRecord: 0.0ms | Allocations: 4149)


Started POST "/products" for 127.0.0.1 at 2023-01-01 17:23:58 +0800
Processing by ProductsController#create as TURBO_STREAM
  Parameters: {"authenticity_token"=>"[FILTERED]", "product"=>{"title"=>"a", "description"=>"1231231", "image_url"=>"23", "price"=>"12"}, "commit"=>"Create Product"}
  [1m[36mTRANSACTION (0.3ms)[0m  [1m[36mbegin transaction[0m
  â†³ app/controllers/products_controller.rb:27:in `block in create'
  [1m[36mProduct Exists? (0.6ms)[0m  [1m[34mSELECT 1 AS one FROM "products" WHERE "products"."title" = ? LIMIT ?[0m  [["title", "a"], ["LIMIT", 1]]
  â†³ app/controllers/products_controller.rb:27:in `block in create'
  [1m[36mTRANSACTION (0.3ms)[0m  [1m[31mrollback transaction[0m
  â†³ app/controllers/products_controller.rb:27:in `block in create'
  Rendering layout layouts/application.html.erb
  Rendering products/new.html.erb within layouts/application
  Rendered products/_form.html.erb (Duration: 7.0ms | Allocations: 2400)
  Rendered products/new.html.erb within layouts/application (Duration: 7.7ms | Allocations: 2494)
  Rendered layout layouts/application.html.erb (Duration: 12.4ms | Allocations: 4729)
Completed 422 Unprocessable Entity in 30ms (Views: 13.7ms | ActiveRecord: 1.1ms | Allocations: 7640)


Started GET "/products" for 127.0.0.1 at 2023-01-01 17:24:03 +0800
Processing by ProductsController#index as HTML
  Rendering layout layouts/application.html.erb
  Rendering products/index.html.erb within layouts/application
  [1m[36mProduct Load (0.3ms)[0m  [1m[34mSELECT "products".* FROM "products"[0m
  â†³ app/views/products/index.html.erb:6
  Rendered products/_product.html.erb (Duration: 0.3ms | Allocations: 28)
  Rendered products/index.html.erb within layouts/application (Duration: 6.1ms | Allocations: 913)
  Rendered layout layouts/application.html.erb (Duration: 14.8ms | Allocations: 3114)
Completed 200 OK in 19ms (Views: 16.2ms | ActiveRecord: 0.3ms | Allocations: 3439)


Started GET "/products" for 127.0.0.1 at 2023-01-01 17:54:22 +0800
  [1m[36mActiveRecord::SchemaMigration Pluck (0.1ms)[0m  [1m[34mSELECT "schema_migrations"."version" FROM "schema_migrations" ORDER BY "schema_migrations"."version" ASC[0m
Processing by ProductsController#index as HTML
  Rendering layout layouts/application.html.erb
  Rendering products/index.html.erb within layouts/application
  [1m[36mProduct Load (0.3ms)[0m  [1m[34mSELECT "products".* FROM "products"[0m
  â†³ app/views/products/index.html.erb:6
  Rendered products/_product.html.erb (Duration: 0.6ms | Allocations: 336)
  Rendered products/index.html.erb within layouts/application (Duration: 29.9ms | Allocations: 19262)
  Rendered layout layouts/application.html.erb (Duration: 82.3ms | Allocations: 53510)
Completed 200 OK in 106ms (Views: 83.8ms | ActiveRecord: 1.4ms | Allocations: 59765)


Started GET "/" for 127.0.0.1 at 2023-01-01 17:54:26 +0800
Processing by StoreController#index as HTML
  Rendering layout layouts/application.html.erb
  Rendering store/index.html.erb within layouts/application
  Rendered store/index.html.erb within layouts/application (Duration: 0.5ms | Allocations: 115)
  Rendered layout layouts/application.html.erb (Duration: 4.0ms | Allocations: 2604)
Completed 200 OK in 7ms (Views: 5.7ms | ActiveRecord: 0.0ms | Allocations: 3482)


Started GET "/" for 127.0.0.1 at 2023-01-01 18:04:36 +0800
Processing by StoreController#index as HTML
Completed 500 Internal Server Error in 2ms (Allocations: 942)


  
ArgumentError (unknown keyword: :order):
  
app/models/product.rb:2:in `<class:Product>'
app/models/product.rb:1:in `<main>'
app/controllers/store_controller.rb:3:in `index'
Started GET "/" for 127.0.0.1 at 2023-01-01 18:08:35 +0800
Processing by StoreController#index as HTML
  Rendering layout layouts/application.html.erb
  Rendering store/index.html.erb within layouts/application
  [1m[36mProduct Load (0.1ms)[0m  [1m[34mSELECT "products".* FROM "products"[0m
  â†³ app/views/store/index.html.erb:7
  Rendered store/index.html.erb within layouts/application (Duration: 8.3ms | Allocations: 4741)
  Rendered layout layouts/application.html.erb (Duration: 8.6ms | Allocations: 4813)
Completed 500 Internal Server Error in 16ms (ActiveRecord: 0.4ms | Allocations: 6601)


  
ActionView::Template::Error (The asset "sadd" is not present in the asset pipeline.
):
     6: 
     7: <% @products.each do |product| %>
     8:     <div class="entry">
     9:         <%= image_tag(product.image_url) %>
    10:         <h3><%= product.title %></h3>
    11:         <%= sanitize(product.description) %>
    12:         <div class="price_line">
  
app/views/store/index.html.erb:9
app/views/store/index.html.erb:7
  [1m[35m (59.0ms)[0m  [1m[35mCREATE TABLE "schema_migrations" ("version" varchar NOT NULL PRIMARY KEY)[0m
  [1m[35m (62.1ms)[0m  [1m[35mCREATE TABLE "ar_internal_metadata" ("key" varchar NOT NULL PRIMARY KEY, "value" varchar, "created_at" datetime(6) NOT NULL, "updated_at" datetime(6) NOT NULL)[0m
  [1m[36mActiveRecord::SchemaMigration Pluck (0.4ms)[0m  [1m[34mSELECT "schema_migrations"."version" FROM "schema_migrations" ORDER BY "schema_migrations"."version" ASC[0m
Migrating to CreateProducts (20230101083803)
  [1m[36mTRANSACTION (0.2ms)[0m  [1m[36mbegin transaction[0m
  [1m[35m (0.9ms)[0m  [1m[35mCREATE TABLE "products" ("id" integer PRIMARY KEY AUTOINCREMENT NOT NULL, "title" varchar, "description" text, "image_url" varchar, "price" decimal(8,2), "created_at" datetime(6) NOT NULL, "updated_at" datetime(6) NOT NULL)[0m
  [1m[36mActiveRecord::SchemaMigration Create (0.2ms)[0m  [1m[32mINSERT INTO "schema_migrations" ("version") VALUES (?)[0m  [["version", "20230101083803"]]
  [1m[36mTRANSACTION (65.3ms)[0m  [1m[36mcommit transaction[0m
  [1m[36mActiveRecord::InternalMetadata Load (0.1ms)[0m  [1m[34mSELECT "ar_internal_metadata".* FROM "ar_internal_metadata" WHERE "ar_internal_metadata"."key" = ? LIMIT ?[0m  [["key", "environment"], ["LIMIT", 1]]
  [1m[36mTRANSACTION (0.1ms)[0m  [1m[36mbegin transaction[0m
  [1m[36mActiveRecord::InternalMetadata Create (0.3ms)[0m  [1m[32mINSERT INTO "ar_internal_metadata" ("key", "value", "created_at", "updated_at") VALUES (?, ?, ?, ?)[0m  [["key", "environment"], ["value", "development"], ["created_at", "2023-01-01 10:16:44.703852"], ["updated_at", "2023-01-01 10:16:44.703852"]]
  [1m[36mTRANSACTION (40.9ms)[0m  [1m[36mcommit transaction[0m
  [1m[36mActiveRecord::SchemaMigration Pluck (0.3ms)[0m  [1m[34mSELECT "schema_migrations"."version" FROM "schema_migrations" ORDER BY "schema_migrations"."version" ASC[0m
Started GET "/" for 127.0.0.1 at 2023-01-01 18:16:53 +0800
  [1m[36mActiveRecord::SchemaMigration Pluck (0.1ms)[0m  [1m[34mSELECT "schema_migrations"."version" FROM "schema_migrations" ORDER BY "schema_migrations"."version" ASC[0m
Processing by StoreController#index as HTML
  Rendering layout layouts/application.html.erb
  Rendering store/index.html.erb within layouts/application
  [1m[36mProduct Load (0.2ms)[0m  [1m[34mSELECT "products".* FROM "products"[0m
  â†³ app/views/store/index.html.erb:7
  Rendered store/index.html.erb within layouts/application (Duration: 5.6ms | Allocations: 1519)
  Rendered layout layouts/application.html.erb (Duration: 52.6ms | Allocations: 36034)
Completed 200 OK in 63ms (Views: 54.9ms | ActiveRecord: 0.2ms | Allocations: 42319)


Started GET "/products" for 127.0.0.1 at 2023-01-01 18:17:05 +0800
Processing by ProductsController#index as HTML
  Rendering layout layouts/application.html.erb
  Rendering products/index.html.erb within layouts/application
  [1m[36mProduct Load (0.1ms)[0m  [1m[34mSELECT "products".* FROM "products"[0m
  â†³ app/views/products/index.html.erb:6
  Rendered products/index.html.erb within layouts/application (Duration: 4.8ms | Allocations: 1085)
  Rendered layout layouts/application.html.erb (Duration: 10.6ms | Allocations: 3362)
Completed 200 OK in 14ms (Views: 12.4ms | ActiveRecord: 0.1ms | Allocations: 4296)


Started GET "/products/new" for 127.0.0.1 at 2023-01-01 18:20:15 +0800
Processing by ProductsController#new as HTML
  Rendering layout layouts/application.html.erb
  Rendering products/new.html.erb within layouts/application
  Rendered products/_form.html.erb (Duration: 8.6ms | Allocations: 4283)
  Rendered products/new.html.erb within layouts/application (Duration: 9.9ms | Allocations: 4610)
  Rendered layout layouts/application.html.erb (Duration: 13.8ms | Allocations: 6799)
Completed 200 OK in 39ms (Views: 14.5ms | ActiveRecord: 1.0ms | Allocations: 26324)


Started POST "/products" for 127.0.0.1 at 2023-01-01 18:20:27 +0800
Processing by ProductsController#create as TURBO_STREAM
  Parameters: {"authenticity_token"=>"[FILTERED]", "product"=>{"title"=>"one", "description"=>"asas", "image_url"=>"https://azaan-zheng.github.io/img/2CAD/faceFormer/4.png", "price"=>"4"}, "commit"=>"Create Product"}
  [1m[36mTRANSACTION (0.2ms)[0m  [1m[36mbegin transaction[0m
  â†³ app/controllers/products_controller.rb:27:in `block in create'
  [1m[36mProduct Exists? (0.4ms)[0m  [1m[34mSELECT 1 AS one FROM "products" WHERE "products"."title" = ? LIMIT ?[0m  [["title", "one"], ["LIMIT", 1]]
  â†³ app/controllers/products_controller.rb:27:in `block in create'
  [1m[36mProduct Create (0.4ms)[0m  [1m[32mINSERT INTO "products" ("title", "description", "image_url", "price", "created_at", "updated_at") VALUES (?, ?, ?, ?, ?, ?)[0m  [["title", "one"], ["description", "asas"], ["image_url", "https://azaan-zheng.github.io/img/2CAD/faceFormer/4.png"], ["price", 4.0], ["created_at", "2023-01-01 10:20:27.069718"], ["updated_at", "2023-01-01 10:20:27.069718"]]
  â†³ app/controllers/products_controller.rb:27:in `block in create'
  [1m[36mTRANSACTION (82.1ms)[0m  [1m[36mcommit transaction[0m
  â†³ app/controllers/products_controller.rb:27:in `block in create'
Redirected to http://127.0.0.1:3000/products/1
Completed 302 Found in 105ms (ActiveRecord: 83.0ms | Allocations: 6096)


Started GET "/products/1" for 127.0.0.1 at 2023-01-01 18:20:27 +0800
Processing by ProductsController#show as TURBO_STREAM
  Parameters: {"id"=>"1"}
  [1m[36mProduct Load (0.2ms)[0m  [1m[34mSELECT "products".* FROM "products" WHERE "products"."id" = ? LIMIT ?[0m  [["id", 1], ["LIMIT", 1]]
  â†³ app/controllers/products_controller.rb:63:in `set_product'
  Rendering layout layouts/application.html.erb
  Rendering products/show.html.erb within layouts/application
  Rendered products/_product.html.erb (Duration: 0.6ms | Allocations: 293)
  Rendered products/show.html.erb within layouts/application (Duration: 4.0ms | Allocations: 1527)
  Rendered layout layouts/application.html.erb (Duration: 7.2ms | Allocations: 3708)
Completed 200 OK in 12ms (Views: 8.0ms | ActiveRecord: 0.2ms | Allocations: 5286)


Started GET "/" for 127.0.0.1 at 2023-01-01 18:20:34 +0800
Processing by StoreController#index as HTML
  Rendering layout layouts/application.html.erb
  Rendering store/index.html.erb within layouts/application
  [1m[36mProduct Load (0.2ms)[0m  [1m[34mSELECT "products".* FROM "products"[0m
  â†³ app/views/store/index.html.erb:7
  Rendered store/index.html.erb within layouts/application (Duration: 4.3ms | Allocations: 1003)
  Rendered layout layouts/application.html.erb (Duration: 10.9ms | Allocations: 3204)
Completed 200 OK in 14ms (Views: 12.1ms | ActiveRecord: 0.2ms | Allocations: 3526)


Started GET "/products" for 127.0.0.1 at 2023-01-01 18:24:27 +0800
Processing by ProductsController#index as HTML
  Rendering layout layouts/application.html.erb
  Rendering products/index.html.erb within layouts/application
  [1m[36mProduct Load (0.2ms)[0m  [1m[34mSELECT "products".* FROM "products"[0m
  â†³ app/views/products/index.html.erb:6
  Rendered products/_product.html.erb (Duration: 1.2ms | Allocations: 321)
  Rendered products/index.html.erb within layouts/application (Duration: 5.7ms | Allocations: 1560)
  Rendered layout layouts/application.html.erb (Duration: 14.0ms | Allocations: 4062)
Completed 200 OK in 19ms (Views: 16.5ms | ActiveRecord: 0.2ms | Allocations: 5091)


Started GET "/products" for 127.0.0.1 at 2023-01-01 18:30:44 +0800
Processing by ProductsController#index as HTML
  Rendering layout layouts/application.html.erb
  Rendering products/index.html.erb within layouts/application
  [1m[36mProduct Load (0.1ms)[0m  [1m[34mSELECT "products".* FROM "products"[0m
  â†³ app/views/products/index.html.erb:6
  Rendered products/_product.html.erb (Duration: 10.4ms | Allocations: 4953)
  Rendered products/index.html.erb within layouts/application (Duration: 17.3ms | Allocations: 6250)
  Rendered layout layouts/application.html.erb (Duration: 17.7ms | Allocations: 6323)
Completed 500 Internal Server Error in 21ms (ActiveRecord: 0.5ms | Allocations: 7326)


  
ActionView::SyntaxErrorInTemplate (Encountered a syntax error while rendering template: check <div id="<%= dom_id product %>">
  <p>
    <strong>Title:</strong>
    <%= product.title %>
  </p>

  <p>
    <strong>Description:</strong>
    <%= truncate(strip_tags(product.description)), :length => 80 %>
  </p>

  <p>
    <strong>Image:</strong>
    <%= image_tag(product.image_url, :class => 'list_image') %>
  </p>

  <p>
    <strong>Price:</strong>
    <%= product.price %>
  </p>

</div>

):
1:    <div id="<%= dom_id product %>">
2:      <p>
3:        <strong>Title:</strong>
4:        <%= product.title %>
5:      </p>
6:    
7:      <p>
8:        <strong>Description:</strong>
9:        <%= truncate(strip_tags(product.description)), :length => 80 %>
10:      </p>
11:    
12:      <p>
13:        <strong>Image:</strong>
14:        <%= image_tag(product.image_url, :class => 'list_image') %>
15:      </p>
16:    
17:      <p>
18:        <strong>Price:</strong>
19:        <%= product.price %>
20:      </p>
21:    
22:    </div>
  
app/views/products/_product.html.erb:9: syntax error, unexpected ',', expecting ')'
app/views/products/_product.html.erb:9: void value expression
app/views/products/_product.html.erb:9: syntax error, unexpected ',', expecting ')'
app/views/products/_product.html.erb:9: void value expression
app/views/products/_product.html.erb:9: syntax error, unexpected ',', expecting ')'
app/views/products/_product.html.erb:9: void value expression
app/views/products/_product.html.erb:9: syntax error, unexpected ',', expecting ')'
app/views/products/_product.html.erb:9: void value expression
app/views/products/_product.html.erb:9: syntax error, unexpected ',', expecting ')'
app/views/products/_product.html.erb:9: void value expression
app/views/products/_product.html.erb:9: syntax error, unexpected ',', expecting ')'
app/views/products/_product.html.erb:9: void value expression
app/views/products/index.html.erb:7
app/views/products/index.html.erb:6
Started GET "/products" for 127.0.0.1 at 2023-01-01 18:32:19 +0800
Processing by ProductsController#index as HTML
  Rendering layout layouts/application.html.erb
  Rendering products/index.html.erb within layouts/application
  [1m[36mProduct Load (0.2ms)[0m  [1m[34mSELECT "products".* FROM "products"[0m
  â†³ app/views/products/index.html.erb:6
  Rendered products/_product.html.erb (Duration: 2.0ms | Allocations: 1340)
  Rendered products/index.html.erb within layouts/application (Duration: 6.4ms | Allocations: 2479)
  Rendered layout layouts/application.html.erb (Duration: 6.7ms | Allocations: 2552)
Completed 500 Internal Server Error in 11ms (ActiveRecord: 0.2ms | Allocations: 3541)


  
ActionView::SyntaxErrorInTemplate (Encountered a syntax error while rendering template: check <div id="<%= dom_id product %>">
  <p>
    <strong>Title:</strong>
    <%= product.title %>
  </p>

  <p>
    <strong>Description:</strong>
    <%= truncate(strip_tags(product.description)), length: 80 %>
  </p>

  <p>
    <strong>Image:</strong>
    <%= image_tag(product.image_url, :class => 'list_image') %>
  </p>

  <p>
    <strong>Price:</strong>
    <%= product.price %>
  </p>

</div>

):
1:    <div id="<%= dom_id product %>">
2:      <p>
3:        <strong>Title:</strong>
4:        <%= product.title %>
5:      </p>
6:    
7:      <p>
8:        <strong>Description:</strong>
9:        <%= truncate(strip_tags(product.description)), length: 80 %>
10:      </p>
11:    
12:      <p>
13:        <strong>Image:</strong>
14:        <%= image_tag(product.image_url, :class => 'list_image') %>
15:      </p>
16:    
17:      <p>
18:        <strong>Price:</strong>
19:        <%= product.price %>
20:      </p>
21:    
22:    </div>
  
app/views/products/_product.html.erb:9: syntax error, unexpected ',', expecting ')'
app/views/products/_product.html.erb:9: syntax error, unexpected ',', expecting ')'
app/views/products/_product.html.erb:9: syntax error, unexpected ',', expecting ')'
app/views/products/_product.html.erb:9: syntax error, unexpected ',', expecting ')'
app/views/products/_product.html.erb:9: syntax error, unexpected ',', expecting ')'
app/views/products/_product.html.erb:9: syntax error, unexpected ',', expecting ')'
app/views/products/index.html.erb:7
app/views/products/index.html.erb:6
Started GET "/products" for 127.0.0.1 at 2023-01-01 18:33:00 +0800
Processing by ProductsController#index as HTML
  Rendering layout layouts/application.html.erb
  Rendering products/index.html.erb within layouts/application
  [1m[36mProduct Load (0.1ms)[0m  [1m[34mSELECT "products".* FROM "products"[0m
  â†³ app/views/products/index.html.erb:6
  Rendered products/_product.html.erb (Duration: 1.8ms | Allocations: 509)
  Rendered products/index.html.erb within layouts/application (Duration: 6.1ms | Allocations: 1743)
  Rendered layout layouts/application.html.erb (Duration: 12.5ms | Allocations: 4260)
Completed 200 OK in 16ms (Views: 14.3ms | ActiveRecord: 0.1ms | Allocations: 5281)


Started GET "/products/1" for 127.0.0.1 at 2023-01-01 18:33:29 +0800
Processing by ProductsController#show as HTML
  Parameters: {"id"=>"1"}
  [1m[36mProduct Load (0.6ms)[0m  [1m[34mSELECT "products".* FROM "products" WHERE "products"."id" = ? LIMIT ?[0m  [["id", 1], ["LIMIT", 1]]
  â†³ app/controllers/products_controller.rb:63:in `set_product'
  Rendering layout layouts/application.html.erb
  Rendering products/show.html.erb within layouts/application
  Rendered products/_product.html.erb (Duration: 2.1ms | Allocations: 224)
  Rendered products/show.html.erb within layouts/application (Duration: 8.7ms | Allocations: 1047)
  Rendered layout layouts/application.html.erb (Duration: 16.2ms | Allocations: 3227)
Completed 200 OK in 23ms (Views: 17.6ms | ActiveRecord: 0.6ms | Allocations: 4094)


Started GET "/products" for 127.0.0.1 at 2023-01-01 18:33:32 +0800
Processing by ProductsController#index as HTML
  Rendering layout layouts/application.html.erb
  Rendering products/index.html.erb within layouts/application
  [1m[36mProduct Load (0.1ms)[0m  [1m[34mSELECT "products".* FROM "products"[0m
  â†³ app/views/products/index.html.erb:6
  Rendered products/_product.html.erb (Duration: 1.1ms | Allocations: 224)
  Rendered products/index.html.erb within layouts/application (Duration: 5.0ms | Allocations: 1114)
  Rendered layout layouts/application.html.erb (Duration: 11.5ms | Allocations: 3315)
Completed 200 OK in 14ms (Views: 12.5ms | ActiveRecord: 0.1ms | Allocations: 3639)


Started GET "/products/new" for 127.0.0.1 at 2023-01-01 18:33:38 +0800
Processing by ProductsController#new as HTML
  Rendering layout layouts/application.html.erb
  Rendering products/new.html.erb within layouts/application
  Rendered products/_form.html.erb (Duration: 5.9ms | Allocations: 2041)
  Rendered products/new.html.erb within layouts/application (Duration: 8.5ms | Allocations: 2343)
  Rendered layout layouts/application.html.erb (Duration: 13.6ms | Allocations: 4531)
Completed 200 OK in 18ms (Views: 15.5ms | ActiveRecord: 0.0ms | Allocations: 4912)


Started POST "/products" for 127.0.0.1 at 2023-01-01 18:34:39 +0800
Processing by ProductsController#create as TURBO_STREAM
  Parameters: {"authenticity_token"=>"[FILTERED]", "product"=>{"title"=>"çº¢çº¢ç«ç«å’Œ", "description"=>"é˜¿æ–¯å¤§èµ›å¤§é˜¿æ–¯å¤§èµ›å¤§é˜¿æ–¯å¤§èµ›å¤§é˜¿æ–¯å¤§èµ›å¤§é˜¿æ–¯å¤§èµ›å¤§é˜¿æ–¯å¤§èµ›å¤§é˜¿æ–¯å¤§èµ›å¤§é˜¿æ–¯å¤§èµ›å¤§é˜¿æ–¯å¤§èµ›å¤§é˜¿æ–¯å¤§èµ›å¤§é˜¿æ–¯å¤§èµ›å¤§é˜¿æ–¯å¤§èµ›å¤§é˜¿æ–¯å¤§èµ›å¤§é˜¿æ–¯å¤§èµ›å¤§é˜¿æ–¯å¤§èµ›å¤§é˜¿æ–¯å¤§èµ›å¤§é˜¿æ–¯å¤§èµ›å¤§é˜¿æ–¯å¤§èµ›å¤§é˜¿æ–¯å¤§èµ›å¤§é˜¿æ–¯å¤§èµ›å¤§é˜¿æ–¯å¤§èµ›å¤§é˜¿æ–¯å¤§èµ›å¤§", "image_url"=>"https://azaan-zheng.github.io/img/2CAD/faceFormer/2.png", "price"=>"3"}, "commit"=>"Create Product"}
  [1m[36mTRANSACTION (0.1ms)[0m  [1m[36mbegin transaction[0m
  â†³ app/controllers/products_controller.rb:27:in `block in create'
  [1m[36mProduct Exists? (0.2ms)[0m  [1m[34mSELECT 1 AS one FROM "products" WHERE "products"."title" = ? LIMIT ?[0m  [["title", "çº¢çº¢ç«ç«å’Œ"], ["LIMIT", 1]]
  â†³ app/controllers/products_controller.rb:27:in `block in create'
  [1m[36mProduct Create (0.5ms)[0m  [1m[32mINSERT INTO "products" ("title", "description", "image_url", "price", "created_at", "updated_at") VALUES (?, ?, ?, ?, ?, ?)[0m  [["title", "çº¢çº¢ç«ç«å’Œ"], ["description", "é˜¿æ–¯å¤§èµ›å¤§é˜¿æ–¯å¤§èµ›å¤§é˜¿æ–¯å¤§èµ›å¤§é˜¿æ–¯å¤§èµ›å¤§é˜¿æ–¯å¤§èµ›å¤§é˜¿æ–¯å¤§èµ›å¤§é˜¿æ–¯å¤§èµ›å¤§é˜¿æ–¯å¤§èµ›å¤§é˜¿æ–¯å¤§èµ›å¤§é˜¿æ–¯å¤§èµ›å¤§é˜¿æ–¯å¤§èµ›å¤§é˜¿æ–¯å¤§èµ›å¤§é˜¿æ–¯å¤§èµ›å¤§é˜¿æ–¯å¤§èµ›å¤§é˜¿æ–¯å¤§èµ›å¤§é˜¿æ–¯å¤§èµ›å¤§é˜¿æ–¯å¤§èµ›å¤§é˜¿æ–¯å¤§èµ›å¤§é˜¿æ–¯å¤§èµ›å¤§é˜¿æ–¯å¤§èµ›å¤§é˜¿æ–¯å¤§èµ›å¤§é˜¿æ–¯å¤§èµ›å¤§"], ["image_url", "https://azaan-zheng.github.io/img/2CAD/faceFormer/2.png"], ["price", 3.0], ["created_at", "2023-01-01 10:34:39.720375"], ["updated_at", "2023-01-01 10:34:39.720375"]]
  â†³ app/controllers/products_controller.rb:27:in `block in create'
  [1m[36mTRANSACTION (120.7ms)[0m  [1m[36mcommit transaction[0m
  â†³ app/controllers/products_controller.rb:27:in `block in create'
Redirected to http://127.0.0.1:3000/products/2
Completed 302 Found in 133ms (ActiveRecord: 121.5ms | Allocations: 3066)


Started GET "/products/2" for 127.0.0.1 at 2023-01-01 18:34:39 +0800
Processing by ProductsController#show as TURBO_STREAM
  Parameters: {"id"=>"2"}
  [1m[36mProduct Load (0.4ms)[0m  [1m[34mSELECT "products".* FROM "products" WHERE "products"."id" = ? LIMIT ?[0m  [["id", 2], ["LIMIT", 1]]
  â†³ app/controllers/products_controller.rb:63:in `set_product'
  Rendering layout layouts/application.html.erb
  Rendering products/show.html.erb within layouts/application
  Rendered products/_product.html.erb (Duration: 17.5ms | Allocations: 251)
  Rendered products/show.html.erb within layouts/application (Duration: 19.5ms | Allocations: 926)
  Rendered layout layouts/application.html.erb (Duration: 22.5ms | Allocations: 3106)
Completed 200 OK in 29ms (Views: 23.9ms | ActiveRecord: 0.4ms | Allocations: 3913)


Started GET "/products" for 127.0.0.1 at 2023-01-01 18:34:54 +0800
Processing by ProductsController#index as HTML
  Rendering layout layouts/application.html.erb
  Rendering products/index.html.erb within layouts/application
  [1m[36mProduct Load (0.4ms)[0m  [1m[34mSELECT "products".* FROM "products"[0m
  â†³ app/views/products/index.html.erb:6
  Rendered products/_product.html.erb (Duration: 2.2ms | Allocations: 224)
  Rendered products/_product.html.erb (Duration: 1.5ms | Allocations: 233)
  Rendered products/index.html.erb within layouts/application (Duration: 12.0ms | Allocations: 1442)
  Rendered layout layouts/application.html.erb (Duration: 20.0ms | Allocations: 3643)
Completed 200 OK in 23ms (Views: 21.3ms | ActiveRecord: 0.4ms | Allocations: 3967)


Started GET "/products" for 127.0.0.1 at 2023-01-01 18:36:24 +0800
Processing by ProductsController#index as HTML
  Rendering layout layouts/application.html.erb
  Rendering products/index.html.erb within layouts/application
  [1m[36mProduct Load (0.1ms)[0m  [1m[34mSELECT "products".* FROM "products"[0m
  â†³ app/views/products/index.html.erb:6
  Rendered products/index.html.erb within layouts/application (Duration: 5.3ms | Allocations: 1691)
  Rendered layout layouts/application.html.erb (Duration: 14.8ms | Allocations: 4192)
Completed 200 OK in 18ms (Views: 16.7ms | ActiveRecord: 0.1ms | Allocations: 5212)


Started GET "/products/1" for 127.0.0.1 at 2023-01-01 18:36:27 +0800
Processing by ProductsController#show as HTML
  Parameters: {"id"=>"1"}
  [1m[36mProduct Load (0.2ms)[0m  [1m[34mSELECT "products".* FROM "products" WHERE "products"."id" = ? LIMIT ?[0m  [["id", 1], ["LIMIT", 1]]
  â†³ app/controllers/products_controller.rb:63:in `set_product'
  Rendering layout layouts/application.html.erb
  Rendering products/show.html.erb within layouts/application
  Rendered products/_product.html.erb (Duration: 1.0ms | Allocations: 312)
  Rendered products/show.html.erb within layouts/application (Duration: 3.6ms | Allocations: 1215)
  Rendered layout layouts/application.html.erb (Duration: 7.2ms | Allocations: 3395)
Completed 200 OK in 11ms (Views: 7.9ms | ActiveRecord: 0.2ms | Allocations: 4230)


Started GET "/products" for 127.0.0.1 at 2023-01-01 18:36:30 +0800
Processing by ProductsController#index as HTML
  Rendering layout layouts/application.html.erb
  Rendering products/index.html.erb within layouts/application
  [1m[36mProduct Load (0.2ms)[0m  [1m[34mSELECT "products".* FROM "products"[0m
  â†³ app/views/products/index.html.erb:6
  Rendered products/index.html.erb within layouts/application (Duration: 7.6ms | Allocations: 1289)
  Rendered layout layouts/application.html.erb (Duration: 14.5ms | Allocations: 3490)
Completed 200 OK in 16ms (Views: 15.0ms | ActiveRecord: 0.2ms | Allocations: 3814)


Started GET "/products/2" for 127.0.0.1 at 2023-01-01 18:36:31 +0800
Processing by ProductsController#show as HTML
  Parameters: {"id"=>"2"}
  [1m[36mProduct Load (0.3ms)[0m  [1m[34mSELECT "products".* FROM "products" WHERE "products"."id" = ? LIMIT ?[0m  [["id", 2], ["LIMIT", 1]]
  â†³ app/controllers/products_controller.rb:63:in `set_product'
  Rendering layout layouts/application.html.erb
  Rendering products/show.html.erb within layouts/application
  Rendered products/_product.html.erb (Duration: 0.4ms | Allocations: 64)
  Rendered products/show.html.erb within layouts/application (Duration: 3.1ms | Allocations: 669)
  Rendered layout layouts/application.html.erb (Duration: 8.2ms | Allocations: 2849)
Completed 200 OK in 14ms (Views: 9.1ms | ActiveRecord: 0.3ms | Allocations: 3605)


Started GET "/products" for 127.0.0.1 at 2023-01-01 18:36:33 +0800
Processing by ProductsController#index as HTML
  Rendering layout layouts/application.html.erb
  Rendering products/index.html.erb within layouts/application
  [1m[36mProduct Load (0.2ms)[0m  [1m[34mSELECT "products".* FROM "products"[0m
  â†³ app/views/products/index.html.erb:6
  Rendered products/index.html.erb within layouts/application (Duration: 5.3ms | Allocations: 1307)
  Rendered layout layouts/application.html.erb (Duration: 11.5ms | Allocations: 3508)
Completed 200 OK in 14ms (Views: 12.4ms | ActiveRecord: 0.2ms | Allocations: 3832)


Started GET "/products" for 127.0.0.1 at 2023-01-01 20:07:13 +0800
  [1m[36mActiveRecord::SchemaMigration Pluck (0.2ms)[0m  [1m[34mSELECT "schema_migrations"."version" FROM "schema_migrations" ORDER BY "schema_migrations"."version" ASC[0m
Processing by ProductsController#index as HTML
  Rendering layout layouts/application.html.erb
  Rendering products/index.html.erb within layouts/application
  [1m[36mProduct Load (0.2ms)[0m  [1m[34mSELECT "products".* FROM "products"[0m
  â†³ app/views/products/index.html.erb:6
  Rendered products/index.html.erb within layouts/application (Duration: 73.4ms | Allocations: 19288)
  Rendered layout layouts/application.html.erb (Duration: 274.5ms | Allocations: 24777)
Completed 500 Internal Server Error in 299ms (ActiveRecord: 0.8ms | Allocations: 31044)


  
LoadError (cannot load such file -- sassc):
  
app/views/layouts/application.html.erb:9
Started GET "/products" for 127.0.0.1 at 2023-01-01 20:07:42 +0800
Processing by ProductsController#index as HTML
  Rendering layout layouts/application.html.erb
  Rendering products/index.html.erb within layouts/application
  [1m[36mProduct Load (0.2ms)[0m  [1m[34mSELECT "products".* FROM "products"[0m
  â†³ app/views/products/index.html.erb:6
  Rendered products/index.html.erb within layouts/application (Duration: 7.8ms | Allocations: 1690)
  Rendered layout layouts/application.html.erb (Duration: 13.5ms | Allocations: 4342)
Completed 500 Internal Server Error in 17ms (ActiveRecord: 0.2ms | Allocations: 5338)


  
LoadError (cannot load such file -- sassc):
  
app/views/layouts/application.html.erb:9
Started GET "/products" for 127.0.0.1 at 2023-01-01 20:09:12 +0800
Processing by ProductsController#index as HTML
  Rendering layout layouts/application.html.erb
  Rendering products/index.html.erb within layouts/application
  [1m[36mProduct Load (0.2ms)[0m  [1m[34mSELECT "products".* FROM "products"[0m
  â†³ app/views/products/index.html.erb:6
  Rendered products/index.html.erb within layouts/application (Duration: 6.2ms | Allocations: 1682)
  Rendered layout layouts/application.html.erb (Duration: 25.0ms | Allocations: 7555)
Completed 500 Internal Server Error in 29ms (ActiveRecord: 0.2ms | Allocations: 8541)


  
LoadError (cannot load such file -- sassc):
  
app/views/layouts/application.html.erb:9
Started GET "/products" for 127.0.0.1 at 2023-01-01 20:09:30 +0800
Processing by ProductsController#index as HTML
  Rendering layout layouts/application.html.erb
  Rendering products/index.html.erb within layouts/application
  [1m[36mProduct Load (0.3ms)[0m  [1m[34mSELECT "products".* FROM "products"[0m
  â†³ app/views/products/index.html.erb:6
  Rendered products/index.html.erb within layouts/application (Duration: 6.8ms | Allocations: 1688)
  Rendered layout layouts/application.html.erb (Duration: 13.4ms | Allocations: 4389)
Completed 500 Internal Server Error in 18ms (ActiveRecord: 0.3ms | Allocations: 5384)


  
LoadError (cannot load such file -- sassc):
  
app/views/layouts/application.html.erb:9
Started GET "/products" for 127.0.0.1 at 2023-01-01 20:09:32 +0800
Processing by ProductsController#index as HTML
  Rendering layout layouts/application.html.erb
  Rendering products/index.html.erb within layouts/application
  [1m[36mProduct Load (0.5ms)[0m  [1m[34mSELECT "products".* FROM "products"[0m
  â†³ app/views/products/index.html.erb:6
  Rendered products/index.html.erb within layouts/application (Duration: 6.4ms | Allocations: 1293)
  Rendered layout layouts/application.html.erb (Duration: 13.8ms | Allocations: 3683)
Completed 500 Internal Server Error in 16ms (ActiveRecord: 0.5ms | Allocations: 3972)


  
LoadError (cannot load such file -- sassc):
  
app/views/layouts/application.html.erb:9
Started GET "/products" for 127.0.0.1 at 2023-01-01 20:21:01 +0800
  [1m[36mActiveRecord::SchemaMigration Pluck (0.3ms)[0m  [1m[34mSELECT "schema_migrations"."version" FROM "schema_migrations" ORDER BY "schema_migrations"."version" ASC[0m
Processing by ProductsController#index as HTML
  Rendering layout layouts/application.html.erb
  Rendering products/index.html.erb within layouts/application
  [1m[36mProduct Load (7.9ms)[0m  [1m[34mSELECT "products".* FROM "products"[0m
  â†³ app/views/products/index.html.erb:6
  Rendered products/index.html.erb within layouts/application (Duration: 40.7ms | Allocations: 19289)
  Rendered layout layouts/application.html.erb (Duration: 1501.1ms | Allocations: 163898)
Completed 500 Internal Server Error in 1514ms (ActiveRecord: 8.8ms | Allocations: 170170)


  
ActionView::Template::Error (undefined method `start_with?' for /bootstrap\/glyphicons-halflings-regular\.(?:eot|svg|ttf|woff2?)$/:Regexp):
  
sprockets (4.2.0) lib/sprockets/uri_utils.rb:78:in `valid_asset_uri?'
sprockets (4.2.0) lib/sprockets/resolve.rb:27:in `resolve'
sprockets (4.2.0) lib/sprockets/base.rb:79:in `find_asset'
sprockets (4.2.0) lib/sprockets/base.rb:88:in `find_all_linked_assets'
sprockets (4.2.0) lib/sprockets/manifest.rb:125:in `each'
sprockets (4.2.0) lib/sprockets/manifest.rb:125:in `to_a'
sprockets (4.2.0) lib/sprockets/manifest.rb:125:in `block (2 levels) in find'
concurrent-ruby (1.1.10) lib/concurrent-ruby/concurrent/executor/safe_task_executor.rb:24:in `block in execute'
concurrent-ruby (1.1.10) lib/concurrent-ruby/concurrent/synchronization/mutex_lockable_object.rb:47:in `block in synchronize'
concurrent-ruby (1.1.10) lib/concurrent-ruby/concurrent/synchronization/mutex_lockable_object.rb:47:in `synchronize'
concurrent-ruby (1.1.10) lib/concurrent-ruby/concurrent/synchronization/mutex_lockable_object.rb:47:in `synchronize'
concurrent-ruby (1.1.10) lib/concurrent-ruby/concurrent/executor/safe_task_executor.rb:22:in `execute'
concurrent-ruby (1.1.10) lib/concurrent-ruby/concurrent/promise.rb:564:in `block in realize'
concurrent-ruby (1.1.10) lib/concurrent-ruby/concurrent/executor/ruby_thread_pool_executor.rb:352:in `run_task'
concurrent-ruby (1.1.10) lib/concurrent-ruby/concurrent/executor/ruby_thread_pool_executor.rb:343:in `block (3 levels) in create_worker'
concurrent-ruby (1.1.10) lib/concurrent-ruby/concurrent/executor/ruby_thread_pool_executor.rb:334:in `loop'
concurrent-ruby (1.1.10) lib/concurrent-ruby/concurrent/executor/ruby_thread_pool_executor.rb:334:in `block (2 levels) in create_worker'
concurrent-ruby (1.1.10) lib/concurrent-ruby/concurrent/executor/ruby_thread_pool_executor.rb:333:in `catch'
concurrent-ruby (1.1.10) lib/concurrent-ruby/concurrent/executor/ruby_thread_pool_executor.rb:333:in `block in create_worker'
Started GET "/" for 127.0.0.1 at 2023-01-01 20:21:14 +0800
Processing by StoreController#index as HTML
  Rendering layout layouts/application.html.erb
  Rendering store/index.html.erb within layouts/application
  [1m[36mProduct Load (0.1ms)[0m  [1m[34mSELECT "products".* FROM "products"[0m
  â†³ app/views/store/index.html.erb:7
  Rendered store/index.html.erb within layouts/application (Duration: 16.0ms | Allocations: 1387)
  Rendered layout layouts/application.html.erb (Duration: 65.9ms | Allocations: 28471)
Completed 500 Internal Server Error in 69ms (ActiveRecord: 0.1ms | Allocations: 29336)


  
ActionView::Template::Error (undefined method `start_with?' for /bootstrap\/glyphicons-halflings-regular\.(?:eot|svg|ttf|woff2?)$/:Regexp):
  
sprockets (4.2.0) lib/sprockets/uri_utils.rb:78:in `valid_asset_uri?'
sprockets (4.2.0) lib/sprockets/resolve.rb:27:in `resolve'
sprockets (4.2.0) lib/sprockets/base.rb:79:in `find_asset'
sprockets (4.2.0) lib/sprockets/base.rb:88:in `find_all_linked_assets'
sprockets (4.2.0) lib/sprockets/manifest.rb:125:in `each'
sprockets (4.2.0) lib/sprockets/manifest.rb:125:in `to_a'
sprockets (4.2.0) lib/sprockets/manifest.rb:125:in `block (2 levels) in find'
concurrent-ruby (1.1.10) lib/concurrent-ruby/concurrent/executor/safe_task_executor.rb:24:in `block in execute'
concurrent-ruby (1.1.10) lib/concurrent-ruby/concurrent/synchronization/mutex_lockable_object.rb:47:in `block in synchronize'
concurrent-ruby (1.1.10) lib/concurrent-ruby/concurrent/synchronization/mutex_lockable_object.rb:47:in `synchronize'
concurrent-ruby (1.1.10) lib/concurrent-ruby/concurrent/synchronization/mutex_lockable_object.rb:47:in `synchronize'
concurrent-ruby (1.1.10) lib/concurrent-ruby/concurrent/executor/safe_task_executor.rb:22:in `execute'
concurrent-ruby (1.1.10) lib/concurrent-ruby/concurrent/promise.rb:564:in `block in realize'
concurrent-ruby (1.1.10) lib/concurrent-ruby/concurrent/executor/ruby_thread_pool_executor.rb:352:in `run_task'
concurrent-ruby (1.1.10) lib/concurrent-ruby/concurrent/executor/ruby_thread_pool_executor.rb:343:in `block (3 levels) in create_worker'
concurrent-ruby (1.1.10) lib/concurrent-ruby/concurrent/executor/ruby_thread_pool_executor.rb:334:in `loop'
concurrent-ruby (1.1.10) lib/concurrent-ruby/concurrent/executor/ruby_thread_pool_executor.rb:334:in `block (2 levels) in create_worker'
concurrent-ruby (1.1.10) lib/concurrent-ruby/concurrent/executor/ruby_thread_pool_executor.rb:333:in `catch'
concurrent-ruby (1.1.10) lib/concurrent-ruby/concurrent/executor/ruby_thread_pool_executor.rb:333:in `block in create_worker'
Started GET "/" for 127.0.0.1 at 2023-01-01 20:22:33 +0800
Processing by StoreController#index as HTML
  Rendering layout layouts/application.html.erb
  Rendering store/index.html.erb within layouts/application
  [1m[36mProduct Load (0.1ms)[0m  [1m[34mSELECT "products".* FROM "products"[0m
  â†³ app/views/store/index.html.erb:7
  Rendered store/index.html.erb within layouts/application (Duration: 3.3ms | Allocations: 1067)
  Rendered layout layouts/application.html.erb (Duration: 706.5ms | Allocations: 57640)
Completed 500 Internal Server Error in 708ms (ActiveRecord: 0.1ms | Allocations: 57936)


  
ActionView::Template::Error (undefined method `start_with?' for /bootstrap\/glyphicons-halflings-regular\.(?:eot|svg|ttf|woff2?)$/:Regexp):
  
sprockets (4.2.0) lib/sprockets/uri_utils.rb:78:in `valid_asset_uri?'
sprockets (4.2.0) lib/sprockets/resolve.rb:27:in `resolve'
sprockets (4.2.0) lib/sprockets/base.rb:79:in `find_asset'
sprockets (4.2.0) lib/sprockets/base.rb:88:in `find_all_linked_assets'
sprockets (4.2.0) lib/sprockets/manifest.rb:125:in `each'
sprockets (4.2.0) lib/sprockets/manifest.rb:125:in `to_a'
sprockets (4.2.0) lib/sprockets/manifest.rb:125:in `block (2 levels) in find'
concurrent-ruby (1.1.10) lib/concurrent-ruby/concurrent/executor/safe_task_executor.rb:24:in `block in execute'
concurrent-ruby (1.1.10) lib/concurrent-ruby/concurrent/synchronization/mutex_lockable_object.rb:47:in `block in synchronize'
concurrent-ruby (1.1.10) lib/concurrent-ruby/concurrent/synchronization/mutex_lockable_object.rb:47:in `synchronize'
concurrent-ruby (1.1.10) lib/concurrent-ruby/concurrent/synchronization/mutex_lockable_object.rb:47:in `synchronize'
concurrent-ruby (1.1.10) lib/concurrent-ruby/concurrent/executor/safe_task_executor.rb:22:in `execute'
concurrent-ruby (1.1.10) lib/concurrent-ruby/concurrent/promise.rb:564:in `block in realize'
concurrent-ruby (1.1.10) lib/concurrent-ruby/concurrent/executor/ruby_thread_pool_executor.rb:352:in `run_task'
concurrent-ruby (1.1.10) lib/concurrent-ruby/concurrent/executor/ruby_thread_pool_executor.rb:343:in `block (3 levels) in create_worker'
concurrent-ruby (1.1.10) lib/concurrent-ruby/concurrent/executor/ruby_thread_pool_executor.rb:334:in `loop'
concurrent-ruby (1.1.10) lib/concurrent-ruby/concurrent/executor/ruby_thread_pool_executor.rb:334:in `block (2 levels) in create_worker'
concurrent-ruby (1.1.10) lib/concurrent-ruby/concurrent/executor/ruby_thread_pool_executor.rb:333:in `catch'
concurrent-ruby (1.1.10) lib/concurrent-ruby/concurrent/executor/ruby_thread_pool_executor.rb:333:in `block in create_worker'
Started GET "/" for 127.0.0.1 at 2023-01-01 20:26:41 +0800
  [1m[36mActiveRecord::SchemaMigration Pluck (0.1ms)[0m  [1m[34mSELECT "schema_migrations"."version" FROM "schema_migrations" ORDER BY "schema_migrations"."version" ASC[0m
Processing by StoreController#index as HTML
  Rendering layout layouts/application.html.erb
  Rendering store/index.html.erb within layouts/application
  [1m[36mProduct Load (0.2ms)[0m  [1m[34mSELECT "products".* FROM "products"[0m
  â†³ app/views/store/index.html.erb:7
  Rendered store/index.html.erb within layouts/application (Duration: 51.3ms | Allocations: 19109)
  Rendered layout layouts/application.html.erb (Duration: 88.2ms | Allocations: 23734)
Completed 500 Internal Server Error in 134ms (ActiveRecord: 0.7ms | Allocations: 31175)


  
LoadError (cannot load such file -- sassc):
  
app/views/layouts/application.html.erb:9
Started GET "/" for 127.0.0.1 at 2023-01-01 20:59:19 +0800
  [1m[36mActiveRecord::SchemaMigration Pluck (0.1ms)[0m  [1m[34mSELECT "schema_migrations"."version" FROM "schema_migrations" ORDER BY "schema_migrations"."version" ASC[0m
Processing by StoreController#index as HTML
  Rendering layout layouts/application.html.erb
  Rendering store/index.html.erb within layouts/application
  [1m[36mProduct Load (0.2ms)[0m  [1m[34mSELECT "products".* FROM "products"[0m
  â†³ app/views/store/index.html.erb:7
  Rendered store/index.html.erb within layouts/application (Duration: 45.2ms | Allocations: 18858)
  Rendered layout layouts/application.html.erb (Duration: 7901.5ms | Allocations: 188146)
Completed 200 OK in 7916ms (Views: 7905.6ms | ActiveRecord: 0.8ms | Allocations: 194430)


Started GET "/" for 127.0.0.1 at 2023-01-01 21:13:17 +0800
Processing by StoreController#index as HTML
  Rendering layout layouts/application.html.erb
  Rendering store/index.html.erb within layouts/application
  [1m[36mProduct Load (0.2ms)[0m  [1m[34mSELECT "products".* FROM "products"[0m
  â†³ app/views/store/index.html.erb:7
  Rendered store/index.html.erb within layouts/application (Duration: 6.0ms | Allocations: 1519)
  Rendered layout layouts/application.html.erb (Duration: 142.5ms | Allocations: 46723)
Completed 200 OK in 145ms (Views: 144.2ms | ActiveRecord: 0.6ms | Allocations: 47717)


Started GET "/" for 127.0.0.1 at 2023-01-01 21:16:56 +0800
Processing by StoreController#index as HTML
  Rendering layout layouts/application.html.erb
  Rendering store/index.html.erb within layouts/application
  [1m[36mProduct Load (0.1ms)[0m  [1m[34mSELECT "products".* FROM "products"[0m
  â†³ app/views/store/index.html.erb:7
  Rendered store/index.html.erb within layouts/application (Duration: 3.2ms | Allocations: 1076)
  Rendered layout layouts/application.html.erb (Duration: 5449.2ms | Allocations: 37525)
Completed 200 OK in 5450ms (Views: 5449.6ms | ActiveRecord: 0.1ms | Allocations: 37858)


Started GET "/" for 127.0.0.1 at 2023-01-01 21:17:49 +0800
Processing by StoreController#index as HTML
  Rendering layout layouts/application.html.erb
  Rendering store/index.html.erb within layouts/application
  [1m[36mProduct Load (0.4ms)[0m  [1m[34mSELECT "products".* FROM "products"[0m
  â†³ app/views/store/index.html.erb:7
  Rendered store/index.html.erb within layouts/application (Duration: 6.8ms | Allocations: 1065)
  Rendered layout layouts/application.html.erb (Duration: 7115.3ms | Allocations: 37518)
Completed 200 OK in 7118ms (Views: 7116.2ms | ActiveRecord: 0.4ms | Allocations: 37848)


Started GET "/" for 127.0.0.1 at 2023-01-01 21:23:19 +0800
Processing by StoreController#index as HTML
  Rendering layout layouts/application.html.erb
  Rendering store/index.html.erb within layouts/application
  [1m[36mProduct Load (16.8ms)[0m  [1m[34mSELECT "products".* FROM "products"[0m
  â†³ app/views/store/index.html.erb:7
  Rendered store/index.html.erb within layouts/application (Duration: 38.1ms | Allocations: 1514)
  Rendered layout layouts/application.html.erb (Duration: 5411.2ms | Allocations: 38353)
Completed 200 OK in 5427ms (Views: 5426.3ms | ActiveRecord: 17.6ms | Allocations: 39356)


Started GET "/" for 127.0.0.1 at 2023-01-01 21:23:49 +0800
Processing by StoreController#index as */*
  Rendering layout layouts/application.html.erb
  Rendering store/index.html.erb within layouts/application
  [1m[36mProduct Load (0.2ms)[0m  [1m[34mSELECT "products".* FROM "products"[0m
  â†³ app/views/store/index.html.erb:7
  Rendered store/index.html.erb within layouts/application (Duration: 6.4ms | Allocations: 910)
  Rendered layout layouts/application.html.erb (Duration: 19.2ms | Allocations: 6935)
Completed 200 OK in 22ms (Views: 20.1ms | ActiveRecord: 0.2ms | Allocations: 7347)


Started GET "/" for 127.0.0.1 at 2023-01-01 21:24:35 +0800
Processing by StoreController#index as HTML
  Rendering layout layouts/application.html.erb
  Rendering store/index.html.erb within layouts/application
  [1m[36mProduct Load (0.2ms)[0m  [1m[34mSELECT "products".* FROM "products"[0m
  â†³ app/views/store/index.html.erb:7
  Rendered store/index.html.erb within layouts/application (Duration: 3.4ms | Allocations: 1072)
  Rendered layout layouts/application.html.erb (Duration: 5565.2ms | Allocations: 37529)
Completed 200 OK in 5566ms (Views: 5565.7ms | ActiveRecord: 0.2ms | Allocations: 37858)


Started GET "/" for 127.0.0.1 at 2023-01-01 21:25:18 +0800
Processing by StoreController#index as HTML
  Rendering layout layouts/application.html.erb
  Rendering store/index.html.erb within layouts/application
  [1m[36mProduct Load (0.5ms)[0m  [1m[34mSELECT "products".* FROM "products"[0m
  â†³ app/views/store/index.html.erb:7
  Rendered store/index.html.erb within layouts/application (Duration: 5.0ms | Allocations: 1059)
  Rendered layout layouts/application.html.erb (Duration: 5492.1ms | Allocations: 38189)
Completed 200 OK in 5494ms (Views: 5492.5ms | ActiveRecord: 0.5ms | Allocations: 38510)


Started GET "/" for 127.0.0.1 at 2023-01-01 21:25:38 +0800
Processing by StoreController#index as HTML
  Rendering layout layouts/application.html.erb
  Rendering store/index.html.erb within layouts/application
  [1m[36mProduct Load (0.2ms)[0m  [1m[34mSELECT "products".* FROM "products"[0m
  â†³ app/views/store/index.html.erb:7
  Rendered store/index.html.erb within layouts/application (Duration: 3.5ms | Allocations: 1076)
  Rendered layout layouts/application.html.erb (Duration: 5404.4ms | Allocations: 38186)
Completed 200 OK in 5406ms (Views: 5405.2ms | ActiveRecord: 0.2ms | Allocations: 38507)


Started GET "/" for 127.0.0.1 at 2023-01-01 21:28:29 +0800
Processing by StoreController#index as HTML
  Rendering layout layouts/application.html.erb
  Rendering store/index.html.erb within layouts/application
  [1m[36mProduct Load (0.2ms)[0m  [1m[34mSELECT "products".* FROM "products"[0m
  â†³ app/views/store/index.html.erb:7
  Rendered store/index.html.erb within layouts/application (Duration: 4.2ms | Allocations: 1364)
  Rendered layout layouts/application.html.erb (Duration: 5145.6ms | Allocations: 38220)
Completed 200 OK in 5149ms (Views: 5147.0ms | ActiveRecord: 0.2ms | Allocations: 39216)


Started GET "/" for 127.0.0.1 at 2023-01-01 21:33:08 +0800
Processing by StoreController#index as HTML
  Rendering layout layouts/application.html.erb
  Rendering store/index.html.erb within layouts/application
  [1m[36mProduct Load (0.4ms)[0m  [1m[34mSELECT "products".* FROM "products"[0m
  â†³ app/views/store/index.html.erb:7
  Rendered store/index.html.erb within layouts/application (Duration: 5.2ms | Allocations: 1056)
  Rendered layout layouts/application.html.erb (Duration: 5748.8ms | Allocations: 37519)
Completed 200 OK in 5751ms (Views: 5749.6ms | ActiveRecord: 0.4ms | Allocations: 37842)


  [1m[36mActiveRecord::SchemaMigration Pluck (11.1ms)[0m  [1m[34mSELECT "schema_migrations"."version" FROM "schema_migrations" ORDER BY "schema_migrations"."version" ASC[0m
Migrating to CreateCarts (20230101133749)
  [1m[36mTRANSACTION (0.2ms)[0m  [1m[36mbegin transaction[0m
  [1m[35m (10.3ms)[0m  [1m[35mCREATE TABLE "carts" ("id" integer PRIMARY KEY AUTOINCREMENT NOT NULL, "created_at" datetime(6) NOT NULL, "updated_at" datetime(6) NOT NULL)[0m
  [1m[36mActiveRecord::SchemaMigration Create (0.6ms)[0m  [1m[32mINSERT INTO "schema_migrations" ("version") VALUES (?)[0m  [["version", "20230101133749"]]
  [1m[36mTRANSACTION (139.2ms)[0m  [1m[36mcommit transaction[0m
  [1m[36mActiveRecord::InternalMetadata Load (0.2ms)[0m  [1m[34mSELECT "ar_internal_metadata".* FROM "ar_internal_metadata" WHERE "ar_internal_metadata"."key" = ? LIMIT ?[0m  [["key", "environment"], ["LIMIT", 1]]
  [1m[36mActiveRecord::SchemaMigration Pluck (0.1ms)[0m  [1m[34mSELECT "schema_migrations"."version" FROM "schema_migrations" ORDER BY "schema_migrations"."version" ASC[0m
  [1m[36mActiveRecord::SchemaMigration Pluck (0.1ms)[0m  [1m[34mSELECT "schema_migrations"."version" FROM "schema_migrations" ORDER BY "schema_migrations"."version" ASC[0m
Migrating to CreateItems (20230101134651)
  [1m[36mTRANSACTION (0.1ms)[0m  [1m[36mbegin transaction[0m
  [1m[35m (0.3ms)[0m  [1m[35mCREATE TABLE "items" ("id" integer PRIMARY KEY AUTOINCREMENT NOT NULL, "product_id" integer, "cart_id" integer, "created_at" datetime(6) NOT NULL, "updated_at" datetime(6) NOT NULL)[0m
  [1m[36mActiveRecord::SchemaMigration Create (0.2ms)[0m  [1m[32mINSERT INTO "schema_migrations" ("version") VALUES (?)[0m  [["version", "20230101134651"]]
  [1m[36mTRANSACTION (83.5ms)[0m  [1m[36mcommit transaction[0m
  [1m[36mActiveRecord::InternalMetadata Load (0.5ms)[0m  [1m[34mSELECT "ar_internal_metadata".* FROM "ar_internal_metadata" WHERE "ar_internal_metadata"."key" = ? LIMIT ?[0m  [["key", "environment"], ["LIMIT", 1]]
  [1m[36mActiveRecord::SchemaMigration Pluck (0.3ms)[0m  [1m[34mSELECT "schema_migrations"."version" FROM "schema_migrations" ORDER BY "schema_migrations"."version" ASC[0m
Started GET "/" for 127.0.0.1 at 2023-01-01 22:12:03 +0800
  [1m[36mActiveRecord::SchemaMigration Pluck (0.2ms)[0m  [1m[34mSELECT "schema_migrations"."version" FROM "schema_migrations" ORDER BY "schema_migrations"."version" ASC[0m
Processing by StoreController#index as HTML
  Rendering layout layouts/application.html.erb
  Rendering store/index.html.erb within layouts/application
  [1m[36mProduct Load (0.2ms)[0m  [1m[34mSELECT "products".* FROM "products"[0m
  â†³ app/views/store/index.html.erb:7
  Rendered store/index.html.erb within layouts/application (Duration: 59.4ms | Allocations: 18990)
  Rendered layout layouts/application.html.erb (Duration: 6842.4ms | Allocations: 109577)
Completed 200 OK in 6911ms (Views: 6857.3ms | ActiveRecord: 1.0ms | Allocations: 118227)


Started POST "/items?product_id=1" for 127.0.0.1 at 2023-01-01 22:12:15 +0800
Processing by ItemsController#create as TURBO_STREAM
  Parameters: {"authenticity_token"=>"[FILTERED]", "product_id"=>"1"}
  [1m[36mTRANSACTION (0.1ms)[0m  [1m[36mbegin transaction[0m
  â†³ app/controllers/application_controller.rb:7:in `rescue in current_cart'
  [1m[36mCart Create (0.5ms)[0m  [1m[32mINSERT INTO "carts" ("created_at", "updated_at") VALUES (?, ?)[0m  [["created_at", "2023-01-01 14:12:15.774432"], ["updated_at", "2023-01-01 14:12:15.774432"]]
  â†³ app/controllers/application_controller.rb:7:in `rescue in current_cart'
  [1m[36mTRANSACTION (108.7ms)[0m  [1m[36mcommit transaction[0m
  â†³ app/controllers/application_controller.rb:7:in `rescue in current_cart'
  [1m[36mProduct Load (0.7ms)[0m  [1m[34mSELECT "products".* FROM "products" WHERE "products"."id" = ? LIMIT ?[0m  [["id", 1], ["LIMIT", 1]]
  â†³ app/controllers/items_controller.rb:25:in `create'
  [1m[36mTRANSACTION (0.2ms)[0m  [1m[36mbegin transaction[0m
  â†³ app/controllers/items_controller.rb:29:in `block in create'
  [1m[36mItem Create (0.9ms)[0m  [1m[32mINSERT INTO "items" ("product_id", "cart_id", "created_at", "updated_at") VALUES (?, ?, ?, ?)[0m  [["product_id", 1], ["cart_id", 1], ["created_at", "2023-01-01 14:12:16.105804"], ["updated_at", "2023-01-01 14:12:16.105804"]]
  â†³ app/controllers/items_controller.rb:29:in `block in create'
  [1m[36mTRANSACTION (382.2ms)[0m  [1m[36mcommit transaction[0m
  â†³ app/controllers/items_controller.rb:29:in `block in create'
Redirected to http://127.0.0.1:3000/carts/1
Completed 302 Found in 734ms (ActiveRecord: 494.3ms | Allocations: 35866)


Started GET "/carts/1" for 127.0.0.1 at 2023-01-01 22:12:16 +0800
Processing by CartsController#show as TURBO_STREAM
  Parameters: {"id"=>"1"}
  [1m[36mCart Load (0.2ms)[0m  [1m[34mSELECT "carts".* FROM "carts" WHERE "carts"."id" = ? LIMIT ?[0m  [["id", 1], ["LIMIT", 1]]
  â†³ app/controllers/carts_controller.rb:63:in `set_cart'
  Rendering layout layouts/application.html.erb
  Rendering carts/show.html.erb within layouts/application
  Rendered carts/_cart.html.erb (Duration: 5.1ms | Allocations: 155)
  Rendered carts/show.html.erb within layouts/application (Duration: 35.8ms | Allocations: 1478)
  Rendered layout layouts/application.html.erb (Duration: 93.0ms | Allocations: 7552)
Completed 200 OK in 120ms (Views: 100.8ms | ActiveRecord: 0.2ms | Allocations: 9581)


